<?xml version="1.0" encoding="UTF-8"?>
<!-- Generated by org.testng.reporters.JUnitReportReporter -->
<testsuite skipped="0" hostname="DESKTOP-42B8VHB" name="MavenTutorial.Demo1Test" tests="2" failures="0" timestamp="2020-04-15T15:08:47 EDT" time="0.005" errors="0">
  <testcase name="SecondTest" time="0.004" classname="MavenTutorial.Demo1Test"/>
  <system-out/>
  <testcase name="Demo" time="0.001" classname="MavenTutorial.Demo1Test"/>
  <system-out/>
</testsuite> <!-- MavenTutorial.Demo1Test -->
