<?xml version="1.0" encoding="UTF-8"?>
<!-- Generated by org.testng.reporters.JUnitReportReporter -->
<testsuite skipped="0" hostname="DESKTOP-42B8VHB" name="MavenTutorial.Demo2Test" tests="1" failures="0" timestamp="2020-04-15T15:08:47 EDT" time="0.005" errors="0">
  <testcase name="ploan" time="0.005" classname="MavenTutorial.Demo2Test"/>
  <system-out/>
</testsuite> <!-- MavenTutorial.Demo2Test -->
