<?xml version="1.0" encoding="UTF-8"?>
<!-- Generated by org.testng.reporters.JUnitReportReporter -->
<testsuite skipped="0" hostname="DESKTOP-42B8VHB" name="MavenTutorial.Demo4Test" tests="3" failures="0" timestamp="2020-04-15T15:08:47 EDT" time="0.004" errors="0">
  <testcase name="LoginApiHomeloan" time="0.002" classname="MavenTutorial.Demo4Test"/>
  <system-out/>
  <testcase name="WebloginHomeLoan" time="0.001" classname="MavenTutorial.Demo4Test"/>
  <system-out/>
  <testcase name="MobileLogicHomeLoan" time="0.001" classname="MavenTutorial.Demo4Test"/>
  <system-out/>
</testsuite> <!-- MavenTutorial.Demo4Test -->
