<?xml version="1.0" encoding="UTF-8"?>
<!-- Generated by org.testng.reporters.JUnitReportReporter -->
<testsuite skipped="0" hostname="DESKTOP-42B8VHB" name="MavenTutorial.Demo4Test" tests="3" failures="0" timestamp="16 Apr 2020 14:39:33 GMT" time="0.000" errors="0">
  <testcase name="LoginApiHomeloan" time="0.000" classname="MavenTutorial.Demo4Test"/>
  <testcase name="MobileLogicHomeLoan" time="0.000" classname="MavenTutorial.Demo4Test"/>
  <testcase name="WebloginHomeLoan" time="0.000" classname="MavenTutorial.Demo4Test"/>
</testsuite> <!-- MavenTutorial.Demo4Test -->
