<?xml version="1.0" encoding="UTF-8"?>
<!-- Generated by org.testng.reporters.JUnitReportReporter -->
<testsuite skipped="0" hostname="DESKTOP-42B8VHB" name="MavenTutorial.Demo2Test" tests="1" failures="0" timestamp="16 Apr 2020 14:39:33 GMT" time="0.000" errors="0">
  <testcase name="ploan" time="0.000" classname="MavenTutorial.Demo2Test"/>
</testsuite> <!-- MavenTutorial.Demo2Test -->
